{"/home/maur025/work/react/udemy-react-course/02-first-steps/src/FirstStepsApp.tsx": {"path":"/home/maur025/work/react/udemy-react-course/02-first-steps/src/FirstStepsApp.tsx","statementMap":{"0":{"start":{"line":9,"column":34},"end":{"line":13,"column":null}},"1":{"start":{"line":16,"column":1},"end":{"line":21,"column":35}},"2":{"start":{"line":20,"column":46},"end":{"line":21,"column":35}}},"fnMap":{"0":{"name":"FirstStepsApp","decl":{"start":{"line":15,"column":16},"end":{"line":15,"column":null}},"loc":{"start":{"line":15,"column":16},"end":{"line":31,"column":null}},"line":15},"1":{"name":"(anonymous_1)","decl":{"start":{"line":20,"column":20},"end":{"line":20,"column":21}},"loc":{"start":{"line":20,"column":46},"end":{"line":21,"column":35}},"line":20}},"branchMap":{},"s":{"0":1,"1":3,"2":9},"f":{"0":3,"1":9},"b":{},"meta":{"lastBranch":0,"lastFunction":2,"lastStatement":3,"seen":{"s:9:34:13:Infinity":0,"f:15:16:15:Infinity":0,"s:16:1:21:35":1,"f:20:20:20:21":1,"s:20:46:21:35":2}}}
,"/home/maur025/work/react/udemy-react-course/02-first-steps/src/MyAwesomeApp.tsx": {"path":"/home/maur025/work/react/udemy-react-course/02-first-steps/src/MyAwesomeApp.tsx","statementMap":{"0":{"start":{"line":3,"column":18},"end":{"line":3,"column":null}},"1":{"start":{"line":4,"column":17},"end":{"line":4,"column":null}},"2":{"start":{"line":6,"column":22},"end":{"line":6,"column":null}},"3":{"start":{"line":7,"column":17},"end":{"line":7,"column":null}},"4":{"start":{"line":9,"column":16},"end":{"line":12,"column":null}},"5":{"start":{"line":14,"column":32},"end":{"line":19,"column":null}},"6":{"start":{"line":21,"column":28},"end":{"line":35,"column":null}},"7":{"start":{"line":22,"column":1},"end":{"line":32,"column":null}}},"fnMap":{"0":{"name":"(anonymous_0)","decl":{"start":{"line":21,"column":28},"end":{"line":21,"column":null}},"loc":{"start":{"line":21,"column":28},"end":{"line":35,"column":null}},"line":21}},"branchMap":{"0":{"loc":{"start":{"line":30,"column":8},"end":{"line":30,"column":null}},"type":"cond-expr","locations":[{"start":{"line":30,"column":19},"end":{"line":30,"column":30}},{"start":{"line":30,"column":30},"end":{"line":30,"column":null}}],"line":30}},"s":{"0":1,"1":1,"2":1,"3":1,"4":1,"5":1,"6":1,"7":4},"f":{"0":4},"b":{"0":[0,4]},"meta":{"lastBranch":1,"lastFunction":1,"lastStatement":8,"seen":{"s:3:18:3:Infinity":0,"s:4:17:4:Infinity":1,"s:6:22:6:Infinity":2,"s:7:17:7:Infinity":3,"s:9:16:12:Infinity":4,"s:14:32:19:Infinity":5,"s:21:28:35:Infinity":6,"f:21:28:21:Infinity":0,"s:22:1:32:Infinity":7,"b:30:19:30:30:30:30:30:Infinity":0}}}
,"/home/maur025/work/react/udemy-react-course/02-first-steps/src/helpers/math.helper.ts": {"path":"/home/maur025/work/react/udemy-react-course/02-first-steps/src/helpers/math.helper.ts","statementMap":{"0":{"start":{"line":1,"column":19},"end":{"line":3,"column":null}},"1":{"start":{"line":2,"column":1},"end":{"line":2,"column":null}},"2":{"start":{"line":5,"column":24},"end":{"line":7,"column":null}},"3":{"start":{"line":6,"column":1},"end":{"line":6,"column":null}},"4":{"start":{"line":9,"column":24},"end":{"line":11,"column":null}},"5":{"start":{"line":10,"column":1},"end":{"line":10,"column":null}},"6":{"start":{"line":13,"column":22},"end":{"line":15,"column":null}},"7":{"start":{"line":14,"column":1},"end":{"line":14,"column":null}}},"fnMap":{"0":{"name":"(anonymous_0)","decl":{"start":{"line":1,"column":19},"end":{"line":1,"column":20}},"loc":{"start":{"line":1,"column":31},"end":{"line":3,"column":null}},"line":1},"1":{"name":"(anonymous_1)","decl":{"start":{"line":5,"column":24},"end":{"line":5,"column":25}},"loc":{"start":{"line":5,"column":36},"end":{"line":7,"column":null}},"line":5},"2":{"name":"(anonymous_2)","decl":{"start":{"line":9,"column":24},"end":{"line":9,"column":25}},"loc":{"start":{"line":9,"column":36},"end":{"line":11,"column":null}},"line":9},"3":{"name":"(anonymous_3)","decl":{"start":{"line":13,"column":22},"end":{"line":13,"column":23}},"loc":{"start":{"line":13,"column":34},"end":{"line":15,"column":null}},"line":13}},"branchMap":{},"s":{"0":1,"1":2,"2":1,"3":2,"4":1,"5":2,"6":1,"7":1},"f":{"0":2,"1":2,"2":2,"3":1},"b":{},"meta":{"lastBranch":0,"lastFunction":4,"lastStatement":8,"seen":{"s:1:19:3:Infinity":0,"f:1:19:1:20":0,"s:2:1:2:Infinity":1,"s:5:24:7:Infinity":2,"f:5:24:5:25":1,"s:6:1:6:Infinity":3,"s:9:24:11:Infinity":4,"f:9:24:9:25":2,"s:10:1:10:Infinity":5,"s:13:22:15:Infinity":6,"f:13:22:13:23":3,"s:14:1:14:Infinity":7}}}
,"/home/maur025/work/react/udemy-react-course/02-first-steps/src/shopping-cart/ItemCounter.module.css": {"path":"/home/maur025/work/react/udemy-react-course/02-first-steps/src/shopping-cart/ItemCounter.module.css","statementMap":{},"fnMap":{},"branchMap":{},"s":{},"f":{},"b":{},"meta":{"lastBranch":0,"lastFunction":0,"lastStatement":0,"seen":{}}}
,"/home/maur025/work/react/udemy-react-course/02-first-steps/src/shopping-cart/ItemCounter.tsx": {"path":"/home/maur025/work/react/udemy-react-course/02-first-steps/src/shopping-cart/ItemCounter.tsx","statementMap":{"0":{"start":{"line":11,"column":27},"end":{"line":49,"column":null}},"1":{"start":{"line":12,"column":24},"end":{"line":12,"column":null}},"2":{"start":{"line":14,"column":19},"end":{"line":16,"column":null}},"3":{"start":{"line":15,"column":2},"end":{"line":15,"column":null}},"4":{"start":{"line":18,"column":24},"end":{"line":22,"column":null}},"5":{"start":{"line":19,"column":2},"end":{"line":19,"column":null}},"6":{"start":{"line":19,"column":19},"end":{"line":19,"column":null}},"7":{"start":{"line":21,"column":2},"end":{"line":21,"column":null}},"8":{"start":{"line":24,"column":1},"end":{"line":46,"column":null}}},"fnMap":{"0":{"name":"(anonymous_0)","decl":{"start":{"line":11,"column":27},"end":{"line":11,"column":28}},"loc":{"start":{"line":11,"column":57},"end":{"line":49,"column":null}},"line":11},"1":{"name":"(anonymous_1)","decl":{"start":{"line":14,"column":19},"end":{"line":14,"column":null}},"loc":{"start":{"line":14,"column":19},"end":{"line":16,"column":null}},"line":14},"2":{"name":"(anonymous_2)","decl":{"start":{"line":18,"column":24},"end":{"line":18,"column":null}},"loc":{"start":{"line":18,"column":24},"end":{"line":22,"column":null}},"line":18}},"branchMap":{"0":{"loc":{"start":{"line":11,"column":36},"end":{"line":11,"column":48}},"type":"default-arg","locations":[{"start":{"line":11,"column":47},"end":{"line":11,"column":48}}],"line":11},"1":{"loc":{"start":{"line":19,"column":2},"end":{"line":19,"column":null}},"type":"if","locations":[{"start":{"line":19,"column":2},"end":{"line":19,"column":null}},{"start":{},"end":{}}],"line":19},"2":{"loc":{"start":{"line":39,"column":12},"end":{"line":39,"column":null}},"type":"cond-expr","locations":[{"start":{"line":39,"column":26},"end":{"line":39,"column":34}},{"start":{"line":39,"column":34},"end":{"line":39,"column":null}}],"line":39}},"s":{"0":1,"1":9,"2":9,"3":1,"4":9,"5":2,"6":1,"7":1,"8":9},"f":{"0":9,"1":1,"2":2},"b":{"0":[9],"1":[1,1],"2":[4,5]},"meta":{"lastBranch":3,"lastFunction":3,"lastStatement":9,"seen":{"s:11:27:49:Infinity":0,"f:11:27:11:28":0,"b:11:47:11:48":0,"s:12:24:12:Infinity":1,"s:14:19:16:Infinity":2,"f:14:19:14:Infinity":1,"s:15:2:15:Infinity":3,"s:18:24:22:Infinity":4,"f:18:24:18:Infinity":2,"b:19:2:19:Infinity:undefined:undefined:undefined:undefined":1,"s:19:2:19:Infinity":5,"s:19:19:19:Infinity":6,"s:21:2:21:Infinity":7,"s:24:1:46:Infinity":8,"b:39:26:39:34:39:34:39:Infinity":2}}}
}
